c:\users\dang chien\documents\visual studio 2013\projects\anpr\anpr\x64\debug\anpr.mainform.resources
c:\users\dang chien\documents\visual studio 2013\projects\anpr\anpr\x64\debug\vc120.pdb
c:\users\dang chien\documents\visual studio 2013\projects\anpr\anpr\x64\debug\platefinder.obj
c:\users\dang chien\documents\visual studio 2013\projects\anpr\anpr\x64\debug\mainform.obj
c:\users\dang chien\documents\visual studio 2013\projects\anpr\anpr\x64\debug\.netframework,version=v4.5.assemblyattributes.obj
c:\users\dang chien\documents\visual studio 2013\projects\anpr\x64\debug\anpr.exe
c:\users\dang chien\documents\visual studio 2013\projects\anpr\x64\debug\anpr.pdb
c:\users\dang chien\documents\visual studio 2013\projects\anpr\anpr\x64\debug\anpr.vcxproj.generateresource.cache
c:\users\dang chien\documents\visual studio 2013\projects\anpr\anpr\x64\debug\anpr.vcxprojresolveassemblyreference.cache
c:\users\dang chien\documents\visual studio 2013\projects\anpr\anpr\x64\debug\anpr.tlog\anpr.write.1u.tlog
c:\users\dang chien\documents\visual studio 2013\projects\anpr\anpr\x64\debug\anpr.tlog\cl.command.1.tlog
c:\users\dang chien\documents\visual studio 2013\projects\anpr\anpr\x64\debug\anpr.tlog\cl.read.1.tlog
c:\users\dang chien\documents\visual studio 2013\projects\anpr\anpr\x64\debug\anpr.tlog\cl.write.1.tlog
c:\users\dang chien\documents\visual studio 2013\projects\anpr\anpr\x64\debug\anpr.tlog\link.command.1.tlog
c:\users\dang chien\documents\visual studio 2013\projects\anpr\anpr\x64\debug\anpr.tlog\link.read.1.tlog
c:\users\dang chien\documents\visual studio 2013\projects\anpr\anpr\x64\debug\anpr.tlog\link.write.1.tlog
c:\users\dang chien\documents\visual studio 2013\projects\anpr\anpr\x64\debug\anpr.tlog\metagen.read.1.tlog
c:\users\dang chien\documents\visual studio 2013\projects\anpr\anpr\x64\debug\anpr.tlog\metagen.write.1.tlog
c:\users\dang chien\documents\visual studio 2013\projects\anpr\anpr\x64\debug\anpr.tlog\rsaenh.dll.bi
c:\users\dang chien\documents\visual studio 2013\projects\anpr\anpr\x64\debug\anpr.tlog\tzres.dll.bi
